Determining if the Q_WS_WIN exist failed with the following output:
Change Dir: /home/gianluca/ros_workspace/qtviewer/CMakeFiles/CMakeTmp

Run Build Command:/usr/bin/make "cmTryCompileExec/fast"
/usr/bin/make -f CMakeFiles/cmTryCompileExec.dir/build.make CMakeFiles/cmTryCompileExec.dir/build
make[1]: ingresso nella directory "/home/gianluca/ros_workspace/qtviewer/CMakeFiles/CMakeTmp"
/usr/bin/cmake -E cmake_progress_report /home/gianluca/ros_workspace/qtviewer/CMakeFiles/CMakeTmp/CMakeFiles 1
Building C object CMakeFiles/cmTryCompileExec.dir/CheckSymbolExists.c.o
/usr/bin/gcc   -I/usr/include/qt4   -o CMakeFiles/cmTryCompileExec.dir/CheckSymbolExists.c.o   -c /home/gianluca/ros_workspace/qtviewer/CMakeFiles/CMakeTmp/CheckSymbolExists.c
/home/gianluca/ros_workspace/qtviewer/CMakeFiles/CMakeTmp/CheckSymbolExists.c: In function ‘main’:
/home/gianluca/ros_workspace/qtviewer/CMakeFiles/CMakeTmp/CheckSymbolExists.c:8:25: error: ‘Q_WS_WIN’ undeclared (first use in this function)
/home/gianluca/ros_workspace/qtviewer/CMakeFiles/CMakeTmp/CheckSymbolExists.c:8:25: note: each undeclared identifier is reported only once for each function it appears in
make[1]: *** [CMakeFiles/cmTryCompileExec.dir/CheckSymbolExists.c.o] Errore 1
make[1]: uscita dalla directory "/home/gianluca/ros_workspace/qtviewer/CMakeFiles/CMakeTmp"
make: *** [cmTryCompileExec/fast] Errore 2

File /home/gianluca/ros_workspace/qtviewer/CMakeFiles/CMakeTmp/CheckSymbolExists.c:
/* */
#include <QtCore/qglobal.h>

void cmakeRequireSymbol(int dummy,...){(void)dummy;}
int main()
{
#ifndef Q_WS_WIN
  cmakeRequireSymbol(0,&Q_WS_WIN);
#endif
  return 0;
}

Determining if the Q_WS_QWS exist failed with the following output:
Change Dir: /home/gianluca/ros_workspace/qtviewer/CMakeFiles/CMakeTmp

Run Build Command:/usr/bin/make "cmTryCompileExec/fast"
/usr/bin/make -f CMakeFiles/cmTryCompileExec.dir/build.make CMakeFiles/cmTryCompileExec.dir/build
make[1]: ingresso nella directory "/home/gianluca/ros_workspace/qtviewer/CMakeFiles/CMakeTmp"
/usr/bin/cmake -E cmake_progress_report /home/gianluca/ros_workspace/qtviewer/CMakeFiles/CMakeTmp/CMakeFiles 1
Building C object CMakeFiles/cmTryCompileExec.dir/CheckSymbolExists.c.o
/usr/bin/gcc   -I/usr/include/qt4   -o CMakeFiles/cmTryCompileExec.dir/CheckSymbolExists.c.o   -c /home/gianluca/ros_workspace/qtviewer/CMakeFiles/CMakeTmp/CheckSymbolExists.c
/home/gianluca/ros_workspace/qtviewer/CMakeFiles/CMakeTmp/CheckSymbolExists.c: In function ‘main’:
/home/gianluca/ros_workspace/qtviewer/CMakeFiles/CMakeTmp/CheckSymbolExists.c:8:25: error: ‘Q_WS_QWS’ undeclared (first use in this function)
/home/gianluca/ros_workspace/qtviewer/CMakeFiles/CMakeTmp/CheckSymbolExists.c:8:25: note: each undeclared identifier is reported only once for each function it appears in
make[1]: *** [CMakeFiles/cmTryCompileExec.dir/CheckSymbolExists.c.o] Errore 1
make[1]: uscita dalla directory "/home/gianluca/ros_workspace/qtviewer/CMakeFiles/CMakeTmp"
make: *** [cmTryCompileExec/fast] Errore 2

File /home/gianluca/ros_workspace/qtviewer/CMakeFiles/CMakeTmp/CheckSymbolExists.c:
/* */
#include <QtCore/qglobal.h>

void cmakeRequireSymbol(int dummy,...){(void)dummy;}
int main()
{
#ifndef Q_WS_QWS
  cmakeRequireSymbol(0,&Q_WS_QWS);
#endif
  return 0;
}

Determining if the Q_WS_MAC exist failed with the following output:
Change Dir: /home/gianluca/ros_workspace/qtviewer/CMakeFiles/CMakeTmp

Run Build Command:/usr/bin/make "cmTryCompileExec/fast"
/usr/bin/make -f CMakeFiles/cmTryCompileExec.dir/build.make CMakeFiles/cmTryCompileExec.dir/build
make[1]: ingresso nella directory "/home/gianluca/ros_workspace/qtviewer/CMakeFiles/CMakeTmp"
/usr/bin/cmake -E cmake_progress_report /home/gianluca/ros_workspace/qtviewer/CMakeFiles/CMakeTmp/CMakeFiles 1
Building C object CMakeFiles/cmTryCompileExec.dir/CheckSymbolExists.c.o
/usr/bin/gcc   -I/usr/include/qt4   -o CMakeFiles/cmTryCompileExec.dir/CheckSymbolExists.c.o   -c /home/gianluca/ros_workspace/qtviewer/CMakeFiles/CMakeTmp/CheckSymbolExists.c
/home/gianluca/ros_workspace/qtviewer/CMakeFiles/CMakeTmp/CheckSymbolExists.c: In function ‘main’:
/home/gianluca/ros_workspace/qtviewer/CMakeFiles/CMakeTmp/CheckSymbolExists.c:8:25: error: ‘Q_WS_MAC’ undeclared (first use in this function)
/home/gianluca/ros_workspace/qtviewer/CMakeFiles/CMakeTmp/CheckSymbolExists.c:8:25: note: each undeclared identifier is reported only once for each function it appears in
make[1]: *** [CMakeFiles/cmTryCompileExec.dir/CheckSymbolExists.c.o] Errore 1
make[1]: uscita dalla directory "/home/gianluca/ros_workspace/qtviewer/CMakeFiles/CMakeTmp"
make: *** [cmTryCompileExec/fast] Errore 2

File /home/gianluca/ros_workspace/qtviewer/CMakeFiles/CMakeTmp/CheckSymbolExists.c:
/* */
#include <QtCore/qglobal.h>

void cmakeRequireSymbol(int dummy,...){(void)dummy;}
int main()
{
#ifndef Q_WS_MAC
  cmakeRequireSymbol(0,&Q_WS_MAC);
#endif
  return 0;
}

Determining if the Q_WS_WIN exist failed with the following output:
Change Dir: /home/gianluca/ros_workspace/qtviewer/CMakeFiles/CMakeTmp

Run Build Command:/usr/bin/make "cmTryCompileExec/fast"
/usr/bin/make -f CMakeFiles/cmTryCompileExec.dir/build.make CMakeFiles/cmTryCompileExec.dir/build
make[1]: ingresso nella directory "/home/gianluca/ros_workspace/qtviewer/CMakeFiles/CMakeTmp"
/usr/bin/cmake -E cmake_progress_report /home/gianluca/ros_workspace/qtviewer/CMakeFiles/CMakeTmp/CMakeFiles 1
Building C object CMakeFiles/cmTryCompileExec.dir/CheckSymbolExists.c.o
/usr/bin/gcc   -I/usr/include/qt4   -o CMakeFiles/cmTryCompileExec.dir/CheckSymbolExists.c.o   -c /home/gianluca/ros_workspace/qtviewer/CMakeFiles/CMakeTmp/CheckSymbolExists.c
/home/gianluca/ros_workspace/qtviewer/CMakeFiles/CMakeTmp/CheckSymbolExists.c: In function ‘main’:
/home/gianluca/ros_workspace/qtviewer/CMakeFiles/CMakeTmp/CheckSymbolExists.c:8:25: error: ‘Q_WS_WIN’ undeclared (first use in this function)
/home/gianluca/ros_workspace/qtviewer/CMakeFiles/CMakeTmp/CheckSymbolExists.c:8:25: note: each undeclared identifier is reported only once for each function it appears in
make[1]: *** [CMakeFiles/cmTryCompileExec.dir/CheckSymbolExists.c.o] Errore 1
make[1]: uscita dalla directory "/home/gianluca/ros_workspace/qtviewer/CMakeFiles/CMakeTmp"
make: *** [cmTryCompileExec/fast] Errore 2

File /home/gianluca/ros_workspace/qtviewer/CMakeFiles/CMakeTmp/CheckSymbolExists.c:
/* */
#include <QtCore/qglobal.h>

void cmakeRequireSymbol(int dummy,...){(void)dummy;}
int main()
{
#ifndef Q_WS_WIN
  cmakeRequireSymbol(0,&Q_WS_WIN);
#endif
  return 0;
}

Determining if the Q_WS_QWS exist failed with the following output:
Change Dir: /home/gianluca/ros_workspace/qtviewer/CMakeFiles/CMakeTmp

Run Build Command:/usr/bin/make "cmTryCompileExec/fast"
/usr/bin/make -f CMakeFiles/cmTryCompileExec.dir/build.make CMakeFiles/cmTryCompileExec.dir/build
make[1]: ingresso nella directory "/home/gianluca/ros_workspace/qtviewer/CMakeFiles/CMakeTmp"
/usr/bin/cmake -E cmake_progress_report /home/gianluca/ros_workspace/qtviewer/CMakeFiles/CMakeTmp/CMakeFiles 1
Building C object CMakeFiles/cmTryCompileExec.dir/CheckSymbolExists.c.o
/usr/bin/gcc   -I/usr/include/qt4   -o CMakeFiles/cmTryCompileExec.dir/CheckSymbolExists.c.o   -c /home/gianluca/ros_workspace/qtviewer/CMakeFiles/CMakeTmp/CheckSymbolExists.c
/home/gianluca/ros_workspace/qtviewer/CMakeFiles/CMakeTmp/CheckSymbolExists.c: In function ‘main’:
/home/gianluca/ros_workspace/qtviewer/CMakeFiles/CMakeTmp/CheckSymbolExists.c:8:25: error: ‘Q_WS_QWS’ undeclared (first use in this function)
/home/gianluca/ros_workspace/qtviewer/CMakeFiles/CMakeTmp/CheckSymbolExists.c:8:25: note: each undeclared identifier is reported only once for each function it appears in
make[1]: *** [CMakeFiles/cmTryCompileExec.dir/CheckSymbolExists.c.o] Errore 1
make[1]: uscita dalla directory "/home/gianluca/ros_workspace/qtviewer/CMakeFiles/CMakeTmp"
make: *** [cmTryCompileExec/fast] Errore 2

File /home/gianluca/ros_workspace/qtviewer/CMakeFiles/CMakeTmp/CheckSymbolExists.c:
/* */
#include <QtCore/qglobal.h>

void cmakeRequireSymbol(int dummy,...){(void)dummy;}
int main()
{
#ifndef Q_WS_QWS
  cmakeRequireSymbol(0,&Q_WS_QWS);
#endif
  return 0;
}

Determining if the Q_WS_MAC exist failed with the following output:
Change Dir: /home/gianluca/ros_workspace/qtviewer/CMakeFiles/CMakeTmp

Run Build Command:/usr/bin/make "cmTryCompileExec/fast"
/usr/bin/make -f CMakeFiles/cmTryCompileExec.dir/build.make CMakeFiles/cmTryCompileExec.dir/build
make[1]: ingresso nella directory "/home/gianluca/ros_workspace/qtviewer/CMakeFiles/CMakeTmp"
/usr/bin/cmake -E cmake_progress_report /home/gianluca/ros_workspace/qtviewer/CMakeFiles/CMakeTmp/CMakeFiles 1
Building C object CMakeFiles/cmTryCompileExec.dir/CheckSymbolExists.c.o
/usr/bin/gcc   -I/usr/include/qt4   -o CMakeFiles/cmTryCompileExec.dir/CheckSymbolExists.c.o   -c /home/gianluca/ros_workspace/qtviewer/CMakeFiles/CMakeTmp/CheckSymbolExists.c
/home/gianluca/ros_workspace/qtviewer/CMakeFiles/CMakeTmp/CheckSymbolExists.c: In function ‘main’:
/home/gianluca/ros_workspace/qtviewer/CMakeFiles/CMakeTmp/CheckSymbolExists.c:8:25: error: ‘Q_WS_MAC’ undeclared (first use in this function)
/home/gianluca/ros_workspace/qtviewer/CMakeFiles/CMakeTmp/CheckSymbolExists.c:8:25: note: each undeclared identifier is reported only once for each function it appears in
make[1]: *** [CMakeFiles/cmTryCompileExec.dir/CheckSymbolExists.c.o] Errore 1
make[1]: uscita dalla directory "/home/gianluca/ros_workspace/qtviewer/CMakeFiles/CMakeTmp"
make: *** [cmTryCompileExec/fast] Errore 2

File /home/gianluca/ros_workspace/qtviewer/CMakeFiles/CMakeTmp/CheckSymbolExists.c:
/* */
#include <QtCore/qglobal.h>

void cmakeRequireSymbol(int dummy,...){(void)dummy;}
int main()
{
#ifndef Q_WS_MAC
  cmakeRequireSymbol(0,&Q_WS_MAC);
#endif
  return 0;
}

Determining if the Q_WS_WIN exist failed with the following output:
Change Dir: /home/cianciustyles/ros_workspace/project_safeteleoperation/qtviewer/CMakeFiles/CMakeTmp

Run Build Command:/usr/bin/make "cmTryCompileExec/fast"
/usr/bin/make -f CMakeFiles/cmTryCompileExec.dir/build.make CMakeFiles/cmTryCompileExec.dir/build
make[1]: ingresso nella directory "/home/cianciustyles/ros_workspace/project_safeteleoperation/qtviewer/CMakeFiles/CMakeTmp"
/usr/bin/cmake -E cmake_progress_report /home/cianciustyles/ros_workspace/project_safeteleoperation/qtviewer/CMakeFiles/CMakeTmp/CMakeFiles 1
Building C object CMakeFiles/cmTryCompileExec.dir/CheckSymbolExists.c.o
/usr/bin/gcc   -I/usr/include/qt4    -o CMakeFiles/cmTryCompileExec.dir/CheckSymbolExists.c.o   -c /home/cianciustyles/ros_workspace/project_safeteleoperation/qtviewer/CMakeFiles/CMakeTmp/CheckSymbolExists.c
/home/cianciustyles/ros_workspace/project_safeteleoperation/qtviewer/CMakeFiles/CMakeTmp/CheckSymbolExists.c: In function ‘main’:
/home/cianciustyles/ros_workspace/project_safeteleoperation/qtviewer/CMakeFiles/CMakeTmp/CheckSymbolExists.c:8:25: error: ‘Q_WS_WIN’ undeclared (first use in this function)
/home/cianciustyles/ros_workspace/project_safeteleoperation/qtviewer/CMakeFiles/CMakeTmp/CheckSymbolExists.c:8:25: note: each undeclared identifier is reported only once for each function it appears in
make[1]: *** [CMakeFiles/cmTryCompileExec.dir/CheckSymbolExists.c.o] Errore 1
make[1]: uscita dalla directory "/home/cianciustyles/ros_workspace/project_safeteleoperation/qtviewer/CMakeFiles/CMakeTmp"
make: *** [cmTryCompileExec/fast] Errore 2

File /home/cianciustyles/ros_workspace/project_safeteleoperation/qtviewer/CMakeFiles/CMakeTmp/CheckSymbolExists.c:
/* */
#include <QtCore/qglobal.h>

void cmakeRequireSymbol(int dummy,...){(void)dummy;}
int main()
{
#ifndef Q_WS_WIN
  cmakeRequireSymbol(0,&Q_WS_WIN);
#endif
  return 0;
}

Determining if the Q_WS_QWS exist failed with the following output:
Change Dir: /home/cianciustyles/ros_workspace/project_safeteleoperation/qtviewer/CMakeFiles/CMakeTmp

Run Build Command:/usr/bin/make "cmTryCompileExec/fast"
/usr/bin/make -f CMakeFiles/cmTryCompileExec.dir/build.make CMakeFiles/cmTryCompileExec.dir/build
make[1]: ingresso nella directory "/home/cianciustyles/ros_workspace/project_safeteleoperation/qtviewer/CMakeFiles/CMakeTmp"
/usr/bin/cmake -E cmake_progress_report /home/cianciustyles/ros_workspace/project_safeteleoperation/qtviewer/CMakeFiles/CMakeTmp/CMakeFiles 1
Building C object CMakeFiles/cmTryCompileExec.dir/CheckSymbolExists.c.o
/usr/bin/gcc   -I/usr/include/qt4    -o CMakeFiles/cmTryCompileExec.dir/CheckSymbolExists.c.o   -c /home/cianciustyles/ros_workspace/project_safeteleoperation/qtviewer/CMakeFiles/CMakeTmp/CheckSymbolExists.c
/home/cianciustyles/ros_workspace/project_safeteleoperation/qtviewer/CMakeFiles/CMakeTmp/CheckSymbolExists.c: In function ‘main’:
/home/cianciustyles/ros_workspace/project_safeteleoperation/qtviewer/CMakeFiles/CMakeTmp/CheckSymbolExists.c:8:25: error: ‘Q_WS_QWS’ undeclared (first use in this function)
/home/cianciustyles/ros_workspace/project_safeteleoperation/qtviewer/CMakeFiles/CMakeTmp/CheckSymbolExists.c:8:25: note: each undeclared identifier is reported only once for each function it appears in
make[1]: *** [CMakeFiles/cmTryCompileExec.dir/CheckSymbolExists.c.o] Errore 1
make[1]: uscita dalla directory "/home/cianciustyles/ros_workspace/project_safeteleoperation/qtviewer/CMakeFiles/CMakeTmp"
make: *** [cmTryCompileExec/fast] Errore 2

File /home/cianciustyles/ros_workspace/project_safeteleoperation/qtviewer/CMakeFiles/CMakeTmp/CheckSymbolExists.c:
/* */
#include <QtCore/qglobal.h>

void cmakeRequireSymbol(int dummy,...){(void)dummy;}
int main()
{
#ifndef Q_WS_QWS
  cmakeRequireSymbol(0,&Q_WS_QWS);
#endif
  return 0;
}

Determining if the Q_WS_MAC exist failed with the following output:
Change Dir: /home/cianciustyles/ros_workspace/project_safeteleoperation/qtviewer/CMakeFiles/CMakeTmp

Run Build Command:/usr/bin/make "cmTryCompileExec/fast"
/usr/bin/make -f CMakeFiles/cmTryCompileExec.dir/build.make CMakeFiles/cmTryCompileExec.dir/build
make[1]: ingresso nella directory "/home/cianciustyles/ros_workspace/project_safeteleoperation/qtviewer/CMakeFiles/CMakeTmp"
/usr/bin/cmake -E cmake_progress_report /home/cianciustyles/ros_workspace/project_safeteleoperation/qtviewer/CMakeFiles/CMakeTmp/CMakeFiles 1
Building C object CMakeFiles/cmTryCompileExec.dir/CheckSymbolExists.c.o
/usr/bin/gcc   -I/usr/include/qt4    -o CMakeFiles/cmTryCompileExec.dir/CheckSymbolExists.c.o   -c /home/cianciustyles/ros_workspace/project_safeteleoperation/qtviewer/CMakeFiles/CMakeTmp/CheckSymbolExists.c
/home/cianciustyles/ros_workspace/project_safeteleoperation/qtviewer/CMakeFiles/CMakeTmp/CheckSymbolExists.c: In function ‘main’:
/home/cianciustyles/ros_workspace/project_safeteleoperation/qtviewer/CMakeFiles/CMakeTmp/CheckSymbolExists.c:8:25: error: ‘Q_WS_MAC’ undeclared (first use in this function)
/home/cianciustyles/ros_workspace/project_safeteleoperation/qtviewer/CMakeFiles/CMakeTmp/CheckSymbolExists.c:8:25: note: each undeclared identifier is reported only once for each function it appears in
make[1]: *** [CMakeFiles/cmTryCompileExec.dir/CheckSymbolExists.c.o] Errore 1
make[1]: uscita dalla directory "/home/cianciustyles/ros_workspace/project_safeteleoperation/qtviewer/CMakeFiles/CMakeTmp"
make: *** [cmTryCompileExec/fast] Errore 2

File /home/cianciustyles/ros_workspace/project_safeteleoperation/qtviewer/CMakeFiles/CMakeTmp/CheckSymbolExists.c:
/* */
#include <QtCore/qglobal.h>

void cmakeRequireSymbol(int dummy,...){(void)dummy;}
int main()
{
#ifndef Q_WS_MAC
  cmakeRequireSymbol(0,&Q_WS_MAC);
#endif
  return 0;
}

